u:\c++\projects\d03-hiver-2019\tp-spaceinvader2+ariane+elodie+celeste\debug\vc140.pdb
u:\c++\projects\d03-hiver-2019\tp-spaceinvader2+ariane+elodie+celeste\debug\fonctions.obj
u:\c++\projects\d03-hiver-2019\tp-spaceinvader2+ariane+elodie+celeste\debug\spacemain.obj
u:\c++\projects\d03-hiver-2019\debug\tp-spaceinvader2+ariane+elodie+celeste.ilk
u:\c++\projects\d03-hiver-2019\debug\tp-spaceinvader2+ariane+elodie+celeste.exe
u:\c++\projects\d03-hiver-2019\debug\tp-spaceinvader2+ariane+elodie+celeste.pdb
u:\c++\projects\d03-hiver-2019\tp-spaceinvader2+ariane+elodie+celeste\debug\coord.obj
u:\c++\projects\d03-hiver-2019\tp-spaceinvader2+ariane+elodie+celeste\debug\extraterrestre.obj
u:\c++\projects\d03-hiver-2019\tp-spaceinvader2+ariane+elodie+celeste\debug\jauges.obj
u:\c++\projects\d03-hiver-2019\tp-spaceinvader2+ariane+elodie+celeste\debug\laser.obj
u:\c++\projects\d03-hiver-2019\tp-spaceinvader2+ariane+elodie+celeste\debug\martien.obj
u:\c++\projects\d03-hiver-2019\tp-spaceinvader2+ariane+elodie+celeste\debug\uikit.obj
u:\c++\projects\d03-hiver-2019\tp-spaceinvader2+ariane+elodie+celeste\debug\vaisseau.obj
u:\c++\projects\d03-hiver-2019\tp-spaceinvader2+ariane+elodie+celeste\debug\vc140.idb
u:\c++\projects\d03-hiver-2019\tp-spaceinvader2+ariane+elodie+celeste\debug\tp-space.3a891744.tlog\cl.command.1.tlog
u:\c++\projects\d03-hiver-2019\tp-spaceinvader2+ariane+elodie+celeste\debug\tp-space.3a891744.tlog\cl.read.1.tlog
u:\c++\projects\d03-hiver-2019\tp-spaceinvader2+ariane+elodie+celeste\debug\tp-space.3a891744.tlog\cl.write.1.tlog
u:\c++\projects\d03-hiver-2019\tp-spaceinvader2+ariane+elodie+celeste\debug\tp-space.3a891744.tlog\link.command.1.tlog
u:\c++\projects\d03-hiver-2019\tp-spaceinvader2+ariane+elodie+celeste\debug\tp-space.3a891744.tlog\link.read.1.tlog
u:\c++\projects\d03-hiver-2019\tp-spaceinvader2+ariane+elodie+celeste\debug\tp-space.3a891744.tlog\link.write.1.tlog
