u:\c++\projects\d03-hiver-2019\spaceinvader2\debug\fonctions.obj
u:\c++\projects\d03-hiver-2019\spaceinvader2\debug\vc140.pdb
u:\c++\projects\d03-hiver-2019\spaceinvader2\debug\coord.obj
u:\c++\projects\d03-hiver-2019\spaceinvader2\debug\extraterrestre.obj
u:\c++\projects\d03-hiver-2019\spaceinvader2\debug\jauges.obj
u:\c++\projects\d03-hiver-2019\spaceinvader2\debug\laser.obj
u:\c++\projects\d03-hiver-2019\spaceinvader2\debug\martien.obj
u:\c++\projects\d03-hiver-2019\spaceinvader2\debug\plutonien.obj
u:\c++\projects\d03-hiver-2019\spaceinvader2\debug\scores.obj
u:\c++\projects\d03-hiver-2019\spaceinvader2\debug\spacemain.obj
u:\c++\projects\d03-hiver-2019\spaceinvader2\debug\uikit.obj
u:\c++\projects\d03-hiver-2019\spaceinvader2\debug\vaisseau.obj
c:\users\rgouba\documents\visual studio 2015\projects\spaceinvader2\debug\vc140.pdb
c:\users\rgouba\documents\visual studio 2015\projects\spaceinvader2\debug\vc140.idb
c:\users\rgouba\documents\visual studio 2015\projects\spaceinvader2\debug\coord.obj
c:\users\rgouba\documents\visual studio 2015\projects\spaceinvader2\debug\extraterrestre.obj
c:\users\rgouba\documents\visual studio 2015\projects\spaceinvader2\debug\fonctions.obj
c:\users\rgouba\documents\visual studio 2015\projects\spaceinvader2\debug\jauges.obj
c:\users\rgouba\documents\visual studio 2015\projects\spaceinvader2\debug\laser.obj
c:\users\rgouba\documents\visual studio 2015\projects\spaceinvader2\debug\martien.obj
c:\users\rgouba\documents\visual studio 2015\projects\spaceinvader2\debug\plutonien.obj
c:\users\rgouba\documents\visual studio 2015\projects\spaceinvader2\debug\scores.obj
c:\users\rgouba\documents\visual studio 2015\projects\spaceinvader2\debug\spacemain.obj
c:\users\rgouba\documents\visual studio 2015\projects\spaceinvader2\debug\uikit.obj
c:\users\rgouba\documents\visual studio 2015\projects\spaceinvader2\debug\vaisseau.obj
u:\c++\projects\d03-hiver-2019\debug\tp-spaceinvader2.ilk
u:\c++\projects\d03-hiver-2019\debug\tp-spaceinvader2.exe
u:\c++\projects\d03-hiver-2019\debug\tp-spaceinvader2.pdb
c:\users\rgouba\documents\visual studio 2015\projects\spaceinvader2\debug\tp-spaceinvader2.ilk
c:\users\rgouba\documents\visual studio 2015\projects\spaceinvader2\debug\tp-spaceinvader2.exe
c:\users\rgouba\documents\visual studio 2015\projects\spaceinvader2\debug\tp-spaceinvader2.pdb
c:\users\rgouba\documents\visual studio 2015\projects\spaceinvader2\debug\tp-spaceinvader2.tlog\cl.command.1.tlog
c:\users\rgouba\documents\visual studio 2015\projects\spaceinvader2\debug\tp-spaceinvader2.tlog\cl.read.1.tlog
c:\users\rgouba\documents\visual studio 2015\projects\spaceinvader2\debug\tp-spaceinvader2.tlog\cl.write.1.tlog
c:\users\rgouba\documents\visual studio 2015\projects\spaceinvader2\debug\tp-spaceinvader2.tlog\link.command.1.tlog
c:\users\rgouba\documents\visual studio 2015\projects\spaceinvader2\debug\tp-spaceinvader2.tlog\link.read.1.tlog
c:\users\rgouba\documents\visual studio 2015\projects\spaceinvader2\debug\tp-spaceinvader2.tlog\link.write.1.tlog
